<<<<<<< HEAD
#
# A fatal error has been detected by the Java Runtime Environment:
#
#  EXCEPTION_ACCESS_VIOLATION (0xc0000005) at pc=0x000000006ec7248b, pid=10772, tid=6816
#
# JRE version: Java(TM) SE Runtime Environment (7.0_45-b18) (build 1.7.0_45-b18)
# Java VM: Java HotSpot(TM) 64-Bit Server VM (24.45-b08 mixed mode windows-amd64 compressed oops)
# Problematic frame:
# V  [jvm.dll+0x14248b]
#
# Failed to write core dump. Minidumps are not enabled by default on client versions of Windows
#
# If you would like to submit a bug report, please visit:
#   http://bugreport.sun.com/bugreport/crash.jsp
#

---------------  T H R E A D  ---------------

Current thread (0x000000000c3e9800):  JavaThread "JDWP Transport Listener: dt_socket" daemon [_thread_in_vm, id=6816, stack(0x000000000dd90000,0x000000000de90000)]

siginfo: ExceptionCode=0xc0000005, reading address 0x0000080800000008

Registers:
RAX=0x000000000de8f201, RBX=0x000000000c3e9800, RCX=0x0000080800000008, RDX=0x0000000000000000
RSP=0x000000000de8f1b0, RBP=0x0000080800000008, RSI=0x000000000de8f2c8, RDI=0x000000000285dac0
R8 =0x000000000c3e9800, R9 =0x0000000000000700, R10=0x0000000000000000, R11=0x00b638fe015e0154
R12=0x0000000000000000, R13=0x0000000002492998, R14=0x0000000000000000, R15=0x0000000000000000
RIP=0x000000006ec7248b, EFLAGS=0x0000000000010202

Top of Stack: (sp=0x000000000de8f1b0)
0x000000000de8f1b0:   000000000c3e9800 000000000000000c
0x000000000de8f1c0:   000000000de8f278 000000006ee11039
0x000000000de8f1d0:   000000000c3e9800 000000006ee2ebe2
0x000000000de8f1e0:   0000000000000000 0000000057398e89
0x000000000de8f1f0:   000000000c3f73c0 00000000573a265a
0x000000000de8f200:   000000000c3e9800 0000000000000000
0x000000000de8f210:   0000000000000000 0000000000000000
0x000000000de8f220:   0000080800000008 00000000573a1751
0x000000000de8f230:   000000000de8f2c8 000000000de8f2a0
0x000000000de8f240:   0000000000000001 000000000c3f73c0
0x000000000de8f250:   0000080800000008 00000000573853b3
0x000000000de8f260:   000000000de8f390 0000000000000001
0x000000000de8f270:   0000000000000001 000000000c3f73c0
0x000000000de8f280:   0000000000000009 0000000000000000
0x000000000de8f290:   0000000000000000 0000000000000000
0x000000000de8f2a0:   0000000000000001 0000000057385571 

Instructions: (pc=0x000000006ec7248b)
0x000000006ec7246b:   48 8b 5c 24 30 48 89 47 18 48 83 c4 20 5f c3 cc
0x000000006ec7247b:   cc cc cc cc cc 40 53 48 83 ec 20 48 85 c9 74 54
0x000000006ec7248b:   48 8b 19 48 85 db 74 4c 48 b8 fe fe fe fe fe fe
0x000000006ec7249b:   fe fe 48 3b d8 74 3d 80 3d 8f 87 60 00 00 74 15 


Register to memory mapping:

RAX=0x000000000de8f201 is pointing into the stack for thread: 0x000000000c3e9800
RBX=0x000000000c3e9800 is a thread
RCX=0x0000080800000008 is an unknown value
RDX=0x0000000000000000 is an unknown value
RSP=0x000000000de8f1b0 is pointing into the stack for thread: 0x000000000c3e9800
RBP=0x0000080800000008 is an unknown value
RSI=0x000000000de8f2c8 is pointing into the stack for thread: 0x000000000c3e9800
RDI=0x000000000285dac0 is an unknown value
R8 =0x000000000c3e9800 is a thread
R9 =0x0000000000000700 is an unknown value
R10=0x0000000000000000 is an unknown value
R11=0x00b638fe015e0154 is an unknown value
R12=0x0000000000000000 is an unknown value
R13=0x0000000002492998 is an unknown value
R14=0x0000000000000000 is an unknown value
R15=0x0000000000000000 is an unknown value


Stack: [0x000000000dd90000,0x000000000de90000],  sp=0x000000000de8f1b0,  free space=1020k
Native frames: (J=compiled Java code, j=interpreted, Vv=VM code, C=native code)
V  [jvm.dll+0x14248b]

[error occurred during error reporting (printing native stack), id 0xc0000005]


---------------  P R O C E S S  ---------------

Java Threads: ( => current thread )
  0x000000000e973000 JavaThread "ReaderThread" [_thread_in_native, id=10632, stack(0x000000000f270000,0x000000000f370000)]
  0x000000000c408800 JavaThread "Service Thread" daemon [_thread_blocked, id=10072, stack(0x000000000e630000,0x000000000e730000)]
  0x000000000c406800 JavaThread "C2 CompilerThread1" daemon [_thread_blocked, id=3064, stack(0x000000000da70000,0x000000000db70000)]
  0x000000000c405000 JavaThread "C2 CompilerThread0" daemon [_thread_blocked, id=8656, stack(0x000000000e3b0000,0x000000000e4b0000)]
  0x000000000c3f2000 JavaThread "JDWP Command Reader" daemon [_thread_in_native, id=1196, stack(0x000000000dfd0000,0x000000000e0d0000)]
  0x000000000c3f1000 JavaThread "JDWP Event Helper Thread" daemon [_thread_blocked, id=10820, stack(0x000000000e1f0000,0x000000000e2f0000)]
=>0x000000000c3e9800 JavaThread "JDWP Transport Listener: dt_socket" daemon [_thread_in_vm, id=6816, stack(0x000000000dd90000,0x000000000de90000)]
  0x000000000c3df000 JavaThread "Attach Listener" daemon [_thread_blocked, id=9760, stack(0x000000000d8e0000,0x000000000d9e0000)]
  0x000000000c3de000 JavaThread "Signal Dispatcher" daemon [_thread_blocked, id=10152, stack(0x000000000d760000,0x000000000d860000)]
  0x000000000b426000 JavaThread "Finalizer" daemon [_thread_blocked, id=9316, stack(0x000000000d5e0000,0x000000000d6e0000)]
  0x000000000b41d800 JavaThread "Reference Handler" daemon [_thread_blocked, id=9080, stack(0x000000000d440000,0x000000000d540000)]
  0x000000000246b000 JavaThread "main" [_thread_blocked, id=10764, stack(0x00000000028c0000,0x00000000029c0000)]

Other Threads:
  0x000000000c382000 VMThread [stack: 0x000000000d340000,0x000000000d440000] [id=10524]
  0x000000000c434000 WatcherThread [stack: 0x000000000e840000,0x000000000e940000] [id=1712]

VM state:not at safepoint (normal execution)

VM Mutex/Monitor currently owned by a thread: None

Heap
 PSYoungGen      total 38400K, used 11400K [0x00000007d5d00000, 0x00000007d8780000, 0x0000000800000000)
  eden space 33280K, 20% used [0x00000007d5d00000,0x00000007d63b7390,0x00000007d7d80000)
  from space 5120K, 88% used [0x00000007d7d80000,0x00000007d81eadd0,0x00000007d8280000)
  to   space 5120K, 0% used [0x00000007d8280000,0x00000007d8280000,0x00000007d8780000)
 ParOldGen       total 86016K, used 8K [0x0000000781800000, 0x0000000786c00000, 0x00000007d5d00000)
  object space 86016K, 0% used [0x0000000781800000,0x0000000781802000,0x0000000786c00000)
 PSPermGen       total 21504K, used 8792K [0x000000077c600000, 0x000000077db00000, 0x0000000781800000)
  object space 21504K, 40% used [0x000000077c600000,0x000000077ce96140,0x000000077db00000)

Card table byte_map: [0x00000000059c0000,0x0000000005de0000] byte_map_base: 0x0000000001ddd000

Polling page: 0x0000000000320000

Code Cache  [0x00000000029c0000, 0x0000000002c30000, 0x00000000059c0000)
 total_blobs=336 nmethods=71 adapters=225 free_code_cache=48509Kb largest_free_block=49647040

Compilation events (10 events):
Event: 36.798 Thread 0x000000000c405000   67   !         java.net.URL::<init> (543 bytes)
Event: 36.832 Thread 0x000000000c405000 nmethod 67 0x0000000002a62fd0 code [0x0000000002a632e0, 0x0000000002a65100]
Event: 36.853 Thread 0x000000000c406800   68             java.nio.Buffer::remaining (10 bytes)
Event: 36.854 Thread 0x000000000c406800 nmethod 68 0x0000000002a5bf10 code [0x0000000002a5c040, 0x0000000002a5c098]
Event: 36.882 Thread 0x000000000c405000   69             java.lang.String::endsWith (17 bytes)
Event: 36.883 Thread 0x000000000c405000 nmethod 69 0x0000000002a5d310 code [0x0000000002a5d460, 0x0000000002a5d6d8]
Event: 36.919 Thread 0x000000000c406800   70             java.lang.Float::isNaN (12 bytes)
Event: 36.919 Thread 0x000000000c406800 nmethod 70 0x0000000002a5bad0 code [0x0000000002a5bc00, 0x0000000002a5bc58]
Event: 36.921 Thread 0x000000000c405000   71             java.util.AbstractMap::<init> (15 bytes)
Event: 36.922 Thread 0x000000000c405000 nmethod 71 0x0000000002a5d110 code [0x0000000002a5d240, 0x0000000002a5d2b8]

GC Heap History (2 events):
Event: 36.754 GC heap before
{Heap before GC invocations=1 (full 0):
 PSYoungGen      total 38400K, used 33280K [0x00000007d5d00000, 0x00000007d8780000, 0x0000000800000000)
  eden space 33280K, 100% used [0x00000007d5d00000,0x00000007d7d80000,0x00000007d7d80000)
  from space 5120K, 0% used [0x00000007d8280000,0x00000007d8280000,0x00000007d8780000)
  to   space 5120K, 0% used [0x00000007d7d80000,0x00000007d7d80000,0x00000007d8280000)
 ParOldGen       total 86016K, used 0K [0x0000000781800000, 0x0000000786c00000, 0x00000007d5d00000)
  object space 86016K, 0% used [0x0000000781800000,0x0000000781800000,0x0000000786c00000)
 PSPermGen       total 21504K, used 7990K [0x000000077c600000, 0x000000077db00000, 0x0000000781800000)
  object space 21504K, 37% used [0x000000077c600000,0x000000077cdcd908,0x000000077db00000)
Event: 36.758 GC heap after
Heap after GC invocations=1 (full 0):
 PSYoungGen      total 38400K, used 4523K [0x00000007d5d00000, 0x00000007d8780000, 0x0000000800000000)
  eden space 33280K, 0% used [0x00000007d5d00000,0x00000007d5d00000,0x00000007d7d80000)
  from space 5120K, 88% used [0x00000007d7d80000,0x00000007d81eadd0,0x00000007d8280000)
  to   space 5120K, 0% used [0x00000007d8280000,0x00000007d8280000,0x00000007d8780000)
 ParOldGen       total 86016K, used 8K [0x0000000781800000, 0x0000000786c00000, 0x00000007d5d00000)
  object space 86016K, 0% used [0x0000000781800000,0x0000000781802000,0x0000000786c00000)
 PSPermGen       total 21504K, used 7990K [0x000000077c600000, 0x000000077db00000, 0x0000000781800000)
  object space 21504K, 37% used [0x000000077c600000,0x000000077cdcd908,0x000000077db00000)
}

Deoptimization events (1 events):
Event: 0.146 Thread 0x000000000246b000 Uncommon trap: reason=unreached action=reinterpret pc=0x0000000002a23894 method=java.io.BufferedReader.readLine(Z)Ljava/lang/String; @ 192

Internal exceptions (10 events):
Event: 36.921 Thread 0x000000000246b000 Threw 0x00000007d62199a8 at C:\re\jdk7u45\229\hotspot\src\share\vm\prims\jvm.cpp:1244
Event: 36.923 Thread 0x000000000246b000 Threw 0x00000007d6225a98 at C:\re\jdk7u45\229\hotspot\src\share\vm\prims\jvm.cpp:1244
Event: 36.925 Thread 0x000000000246b000 Threw 0x00000007d6242fb8 at C:\re\jdk7u45\229\hotspot\src\share\vm\prims\jvm.cpp:1244
Event: 36.926 Thread 0x000000000246b000 Threw 0x00000007d6253d30 at C:\re\jdk7u45\229\hotspot\src\share\vm\prims\jvm.cpp:1244
Event: 36.928 Thread 0x000000000246b000 Threw 0x00000007d625ebd0 at C:\re\jdk7u45\229\hotspot\src\share\vm\prims\jvm.cpp:1244
Event: 36.930 Thread 0x000000000246b000 Threw 0x00000007d6270e40 at C:\re\jdk7u45\229\hotspot\src\share\vm\prims\jvm.cpp:1244
Event: 36.932 Thread 0x000000000246b000 Threw 0x00000007d6283018 at C:\re\jdk7u45\229\hotspot\src\share\vm\prims\jvm.cpp:1244
Event: 36.933 Thread 0x000000000246b000 Threw 0x00000007d6294960 at C:\re\jdk7u45\229\hotspot\src\share\vm\prims\jvm.cpp:1244
Event: 36.935 Thread 0x000000000246b000 Threw 0x00000007d62a85c0 at C:\re\jdk7u45\229\hotspot\src\share\vm\prims\jvm.cpp:1244
Event: 36.937 Thread 0x000000000246b000 Threw 0x00000007d62bd1d8 at C:\re\jdk7u45\229\hotspot\src\share\vm\prims\jvm.cpp:1244

Events (10 events):
Event: 64.061 Executing VM operation: GetOrSetLocal
Event: 64.061 Executing VM operation: GetOrSetLocal done
Event: 64.062 Executing VM operation: GetOrSetLocal
Event: 64.062 Executing VM operation: GetOrSetLocal done
Event: 64.064 Executing VM operation: GetOrSetLocal
Event: 64.064 Executing VM operation: GetOrSetLocal done
Event: 64.064 Executing VM operation: GetOrSetLocal
Event: 64.064 Executing VM operation: GetOrSetLocal done
Event: 90.941 Executing VM operation: RedefineClasses
Event: 90.942 Executing VM operation: RedefineClasses done


Dynamic libraries:
0x000000013f440000 - 0x000000013f473000 	D:\soft\eclipse\binary\com.sun.java.jdk7.win32.x86_64_1.7.0.u45\bin\javaw.exe
0x00000000774b0000 - 0x000000007765a000 	C:\Windows\SYSTEM32\ntdll.dll
0x0000000077290000 - 0x00000000773af000 	C:\Windows\system32\kernel32.dll
0x000007fefd0d0000 - 0x000007fefd13a000 	C:\Windows\system32\KERNELBASE.dll
0x000007feff5f0000 - 0x000007feff6cb000 	C:\Windows\system32\ADVAPI32.dll
0x000007fefd460000 - 0x000007fefd4ff000 	C:\Windows\system32\msvcrt.dll
0x000007fefe380000 - 0x000007fefe39f000 	C:\Windows\SYSTEM32\sechost.dll
0x000007fefe250000 - 0x000007fefe37d000 	C:\Windows\system32\RPCRT4.dll
0x00000000773b0000 - 0x00000000774aa000 	C:\Windows\system32\USER32.dll
0x000007fefd8f0000 - 0x000007fefd957000 	C:\Windows\system32\GDI32.dll
0x000007fefdac0000 - 0x000007fefdace000 	C:\Windows\system32\LPK.dll
0x000007fefe180000 - 0x000007fefe24a000 	C:\Windows\system32\USP10.dll
0x000007fefb720000 - 0x000007fefb914000 	C:\Windows\WinSxS\amd64_microsoft.windows.common-controls_6595b64144ccf1df_6.0.7601.18837_none_fa3b1e3d17594757\COMCTL32.dll
0x000007fefd960000 - 0x000007fefd9d1000 	C:\Windows\system32\SHLWAPI.dll
0x000007fefd430000 - 0x000007fefd45e000 	C:\Windows\system32\IMM32.DLL
0x000007fefe3a0000 - 0x000007fefe4a9000 	C:\Windows\system32\MSCTF.dll
0x000007fefce40000 - 0x000007fefceb4000 	C:\Program Files\BLDBaseService\BLDBaseService64.dll
0x000007fefe4c0000 - 0x000007feff24a000 	C:\Windows\system32\SHELL32.dll
0x000007feff3e0000 - 0x000007feff5e3000 	C:\Windows\system32\ole32.dll
0x000007fefd9e0000 - 0x000007fefdaba000 	C:\Windows\system32\OLEAUT32.dll
0x000007feff770000 - 0x000007feff7bd000 	C:\Windows\system32\WS2_32.dll
0x000007fefe4b0000 - 0x000007fefe4b8000 	C:\Windows\system32\NSI.dll
0x000007fefdb30000 - 0x000007fefde02000 	C:\Windows\system32\WININET.dll
0x000007fefd190000 - 0x000007fefd194000 	C:\Windows\system32\api-ms-win-downlevel-user32-l1-1-0.dll
0x000007fefd280000 - 0x000007fefd284000 	C:\Windows\system32\api-ms-win-downlevel-shlwapi-l1-1-0.dll
0x000007fefd400000 - 0x000007fefd404000 	C:\Windows\system32\api-ms-win-downlevel-version-l1-1-0.dll
0x000007fefcd90000 - 0x000007fefcd9c000 	C:\Windows\system32\version.DLL
0x000007fefd210000 - 0x000007fefd213000 	C:\Windows\system32\api-ms-win-downlevel-normaliz-l1-1-0.dll
0x0000000077670000 - 0x0000000077673000 	C:\Windows\system32\normaliz.DLL
0x000007fefde10000 - 0x000007fefe0da000 	C:\Windows\system32\iertutil.dll
0x000007fefd220000 - 0x000007fefd225000 	C:\Windows\system32\api-ms-win-downlevel-advapi32-l1-1-0.dll
0x000007fefd170000 - 0x000007fefd18e000 	C:\Windows\system32\USERENV.dll
0x000007fefcfc0000 - 0x000007fefcfcf000 	C:\Windows\system32\profapi.dll
0x000007fefcd60000 - 0x000007fefcd87000 	C:\Windows\system32\IPHLPAPI.DLL
0x000007fefcd50000 - 0x000007fefcd5b000 	C:\Windows\system32\WINNSI.DLL
0x000007fefd6e0000 - 0x000007fefd864000 	C:\Windows\system32\urlmon.dll
0x000007fefd230000 - 0x000007fefd234000 	C:\Windows\system32\api-ms-win-downlevel-ole32-l1-1-0.dll
0x000007fefcd30000 - 0x000007fefcd46000 	C:\Windows\system32\NETAPI32.dll
0x000007fefcd20000 - 0x000007fefcd2c000 	C:\Windows\system32\netutils.dll
0x000007fefccf0000 - 0x000007fefcd13000 	C:\Windows\system32\srvcli.dll
0x000007fefccd0000 - 0x000007fefcce5000 	C:\Windows\system32\wkscli.dll
0x000007fefcad0000 - 0x000007fefcc1a000 	C:\Program Files (x86)\HomeSafe\homesafe64.dll
0x00000000503c0000 - 0x0000000050492000 	D:\soft\eclipse\binary\com.sun.java.jdk7.win32.x86_64_1.7.0.u45\jre\bin\msvcr100.dll
0x000000006eb30000 - 0x000000006f2f9000 	D:\soft\eclipse\binary\com.sun.java.jdk7.win32.x86_64_1.7.0.u45\jre\bin\server\jvm.dll
0x000007fefb4d0000 - 0x000007fefb4d9000 	C:\Windows\system32\WSOCK32.dll
0x000007fefd1a0000 - 0x000007fefd1db000 	C:\Windows\system32\WINMM.dll
0x0000000077680000 - 0x0000000077687000 	C:\Windows\system32\PSAPI.DLL
0x0000000050b70000 - 0x0000000050b7f000 	D:\soft\eclipse\binary\com.sun.java.jdk7.win32.x86_64_1.7.0.u45\jre\bin\verify.dll
0x0000000050390000 - 0x00000000503b8000 	D:\soft\eclipse\binary\com.sun.java.jdk7.win32.x86_64_1.7.0.u45\jre\bin\java.dll
0x0000000057380000 - 0x00000000573b5000 	D:\soft\eclipse\binary\com.sun.java.jdk7.win32.x86_64_1.7.0.u45\jre\bin\jdwp.dll
0x000000005a490000 - 0x000000005a498000 	D:\soft\eclipse\binary\com.sun.java.jdk7.win32.x86_64_1.7.0.u45\jre\bin\npt.dll
0x0000000050310000 - 0x0000000050325000 	D:\soft\eclipse\binary\com.sun.java.jdk7.win32.x86_64_1.7.0.u45\jre\bin\zip.dll
0x000000005dd40000 - 0x000000005dd49000 	D:\soft\eclipse\binary\com.sun.java.jdk7.win32.x86_64_1.7.0.u45\jre\bin\dt_socket.dll
0x000007fefa940000 - 0x000007fefa955000 	C:\Windows\system32\NLAapi.dll
0x000007fef87e0000 - 0x000007fef87f5000 	C:\Windows\system32\napinsp.dll
0x000007fef87c0000 - 0x000007fef87d9000 	C:\Windows\system32\pnrpnsp.dll
0x000007fefc440000 - 0x000007fefc495000 	C:\Windows\System32\mswsock.dll
0x000007fefc2d0000 - 0x000007fefc32b000 	C:\Windows\system32\DNSAPI.dll
0x000007fef87b0000 - 0x000007fef87bb000 	C:\Windows\System32\winrnr.dll
0x000007fef9d40000 - 0x000007fef9d93000 	C:\Windows\System32\fwpuclnt.dll
0x000007fefbeb0000 - 0x000007fefbeb8000 	C:\Windows\system32\rasadhlp.dll
0x000007fefbec0000 - 0x000007fefbec7000 	C:\Windows\System32\wshtcpip.dll
0x00000000502f0000 - 0x0000000050309000 	D:\soft\eclipse\binary\com.sun.java.jdk7.win32.x86_64_1.7.0.u45\jre\bin\net.dll
0x000007fefc610000 - 0x000007fefc617000 	C:\Windows\System32\wship6.dll
0x00000000502d0000 - 0x00000000502e1000 	D:\soft\eclipse\binary\com.sun.java.jdk7.win32.x86_64_1.7.0.u45\jre\bin\nio.dll
0x000007fefa790000 - 0x000007fefa8b5000 	C:\Windows\system32\dbghelp.dll

VM Arguments:
jvm_args: -agentlib:jdwp=transport=dt_socket,suspend=y,address=localhost:55317 -Dfile.encoding=UTF-8 
java_command: org.eclipse.jdt.internal.junit.runner.RemoteTestRunner -version 3 -port 55316 -testLoaderClass org.eclipse.jdt.internal.junit4.runner.JUnit4TestLoader -loaderpluginname org.eclipse.jdt.junit4.runtime -classNames com.test.dao.BaseDaoTest
Launcher Type: SUN_STANDARD

Environment Variables:
JAVA_HOME=C:\Program Files\Java\jdk1.7.0_13
PATH=D:\soft\eclipse\binary\com.sun.java.jdk7.win32.x86_64_1.7.0.u45\jre\bin;C:\Program Files (x86)\360\360Desktop;C:\Windows\system32;C:\Windows;C:\Windows\System32\Wbem;C:\Windows\System32\WindowsPowerShell\v1.0\;C:\Program Files\Java\jdk1.7.0_13\bin;C:\Program Files\Java\jdk1.7.0_13\jre\bin;D:\soft\apache-maven-3.3.9\bin;D:\soft\SVN\bin;C:\Program Files\MySQL\MySQL Utilities 1.6\;D:\Program Files\Git\cmd
USERNAME=Administrator
OS=Windows_NT
PROCESSOR_IDENTIFIER=Intel64 Family 6 Model 94 Stepping 3, GenuineIntel



---------------  S Y S T E M  ---------------

OS: Windows 7 , 64 bit Build 7601 Service Pack 1

CPU:total 8 (4 cores per cpu, 2 threads per core) family 6 model 94 stepping 3, cmov, cx8, fxsr, mmx, sse, sse2, sse3, ssse3, sse4.1, sse4.2, popcnt, avx, avx2, aes, erms, ht, tsc, tscinvbit

Memory: 4k page, physical 8282384k(2636088k free), swap 16562908k(9803236k free)

vm_info: Java HotSpot(TM) 64-Bit Server VM (24.45-b08) for windows-amd64 JRE (1.7.0_45-b18), built on Oct  8 2013 05:47:22 by "java_re" with unknown MS VC++:1600

time: Mon Feb 06 10:49:07 2017
elapsed time: 90 seconds

=======
#
# A fatal error has been detected by the Java Runtime Environment:
#
#  EXCEPTION_ACCESS_VIOLATION (0xc0000005) at pc=0x000000006ec7248b, pid=10772, tid=6816
#
# JRE version: Java(TM) SE Runtime Environment (7.0_45-b18) (build 1.7.0_45-b18)
# Java VM: Java HotSpot(TM) 64-Bit Server VM (24.45-b08 mixed mode windows-amd64 compressed oops)
# Problematic frame:
# V  [jvm.dll+0x14248b]
#
# Failed to write core dump. Minidumps are not enabled by default on client versions of Windows
#
# If you would like to submit a bug report, please visit:
#   http://bugreport.sun.com/bugreport/crash.jsp
#

---------------  T H R E A D  ---------------

Current thread (0x000000000c3e9800):  JavaThread "JDWP Transport Listener: dt_socket" daemon [_thread_in_vm, id=6816, stack(0x000000000dd90000,0x000000000de90000)]

siginfo: ExceptionCode=0xc0000005, reading address 0x0000080800000008

Registers:
RAX=0x000000000de8f201, RBX=0x000000000c3e9800, RCX=0x0000080800000008, RDX=0x0000000000000000
RSP=0x000000000de8f1b0, RBP=0x0000080800000008, RSI=0x000000000de8f2c8, RDI=0x000000000285dac0
R8 =0x000000000c3e9800, R9 =0x0000000000000700, R10=0x0000000000000000, R11=0x00b638fe015e0154
R12=0x0000000000000000, R13=0x0000000002492998, R14=0x0000000000000000, R15=0x0000000000000000
RIP=0x000000006ec7248b, EFLAGS=0x0000000000010202

Top of Stack: (sp=0x000000000de8f1b0)
0x000000000de8f1b0:   000000000c3e9800 000000000000000c
0x000000000de8f1c0:   000000000de8f278 000000006ee11039
0x000000000de8f1d0:   000000000c3e9800 000000006ee2ebe2
0x000000000de8f1e0:   0000000000000000 0000000057398e89
0x000000000de8f1f0:   000000000c3f73c0 00000000573a265a
0x000000000de8f200:   000000000c3e9800 0000000000000000
0x000000000de8f210:   0000000000000000 0000000000000000
0x000000000de8f220:   0000080800000008 00000000573a1751
0x000000000de8f230:   000000000de8f2c8 000000000de8f2a0
0x000000000de8f240:   0000000000000001 000000000c3f73c0
0x000000000de8f250:   0000080800000008 00000000573853b3
0x000000000de8f260:   000000000de8f390 0000000000000001
0x000000000de8f270:   0000000000000001 000000000c3f73c0
0x000000000de8f280:   0000000000000009 0000000000000000
0x000000000de8f290:   0000000000000000 0000000000000000
0x000000000de8f2a0:   0000000000000001 0000000057385571 

Instructions: (pc=0x000000006ec7248b)
0x000000006ec7246b:   48 8b 5c 24 30 48 89 47 18 48 83 c4 20 5f c3 cc
0x000000006ec7247b:   cc cc cc cc cc 40 53 48 83 ec 20 48 85 c9 74 54
0x000000006ec7248b:   48 8b 19 48 85 db 74 4c 48 b8 fe fe fe fe fe fe
0x000000006ec7249b:   fe fe 48 3b d8 74 3d 80 3d 8f 87 60 00 00 74 15 


Register to memory mapping:

RAX=0x000000000de8f201 is pointing into the stack for thread: 0x000000000c3e9800
RBX=0x000000000c3e9800 is a thread
RCX=0x0000080800000008 is an unknown value
RDX=0x0000000000000000 is an unknown value
RSP=0x000000000de8f1b0 is pointing into the stack for thread: 0x000000000c3e9800
RBP=0x0000080800000008 is an unknown value
RSI=0x000000000de8f2c8 is pointing into the stack for thread: 0x000000000c3e9800
RDI=0x000000000285dac0 is an unknown value
R8 =0x000000000c3e9800 is a thread
R9 =0x0000000000000700 is an unknown value
R10=0x0000000000000000 is an unknown value
R11=0x00b638fe015e0154 is an unknown value
R12=0x0000000000000000 is an unknown value
R13=0x0000000002492998 is an unknown value
R14=0x0000000000000000 is an unknown value
R15=0x0000000000000000 is an unknown value


Stack: [0x000000000dd90000,0x000000000de90000],  sp=0x000000000de8f1b0,  free space=1020k
Native frames: (J=compiled Java code, j=interpreted, Vv=VM code, C=native code)
V  [jvm.dll+0x14248b]

[error occurred during error reporting (printing native stack), id 0xc0000005]


---------------  P R O C E S S  ---------------

Java Threads: ( => current thread )
  0x000000000e973000 JavaThread "ReaderThread" [_thread_in_native, id=10632, stack(0x000000000f270000,0x000000000f370000)]
  0x000000000c408800 JavaThread "Service Thread" daemon [_thread_blocked, id=10072, stack(0x000000000e630000,0x000000000e730000)]
  0x000000000c406800 JavaThread "C2 CompilerThread1" daemon [_thread_blocked, id=3064, stack(0x000000000da70000,0x000000000db70000)]
  0x000000000c405000 JavaThread "C2 CompilerThread0" daemon [_thread_blocked, id=8656, stack(0x000000000e3b0000,0x000000000e4b0000)]
  0x000000000c3f2000 JavaThread "JDWP Command Reader" daemon [_thread_in_native, id=1196, stack(0x000000000dfd0000,0x000000000e0d0000)]
  0x000000000c3f1000 JavaThread "JDWP Event Helper Thread" daemon [_thread_blocked, id=10820, stack(0x000000000e1f0000,0x000000000e2f0000)]
=>0x000000000c3e9800 JavaThread "JDWP Transport Listener: dt_socket" daemon [_thread_in_vm, id=6816, stack(0x000000000dd90000,0x000000000de90000)]
  0x000000000c3df000 JavaThread "Attach Listener" daemon [_thread_blocked, id=9760, stack(0x000000000d8e0000,0x000000000d9e0000)]
  0x000000000c3de000 JavaThread "Signal Dispatcher" daemon [_thread_blocked, id=10152, stack(0x000000000d760000,0x000000000d860000)]
  0x000000000b426000 JavaThread "Finalizer" daemon [_thread_blocked, id=9316, stack(0x000000000d5e0000,0x000000000d6e0000)]
  0x000000000b41d800 JavaThread "Reference Handler" daemon [_thread_blocked, id=9080, stack(0x000000000d440000,0x000000000d540000)]
  0x000000000246b000 JavaThread "main" [_thread_blocked, id=10764, stack(0x00000000028c0000,0x00000000029c0000)]

Other Threads:
  0x000000000c382000 VMThread [stack: 0x000000000d340000,0x000000000d440000] [id=10524]
  0x000000000c434000 WatcherThread [stack: 0x000000000e840000,0x000000000e940000] [id=1712]

VM state:not at safepoint (normal execution)

VM Mutex/Monitor currently owned by a thread: None

Heap
 PSYoungGen      total 38400K, used 11400K [0x00000007d5d00000, 0x00000007d8780000, 0x0000000800000000)
  eden space 33280K, 20% used [0x00000007d5d00000,0x00000007d63b7390,0x00000007d7d80000)
  from space 5120K, 88% used [0x00000007d7d80000,0x00000007d81eadd0,0x00000007d8280000)
  to   space 5120K, 0% used [0x00000007d8280000,0x00000007d8280000,0x00000007d8780000)
 ParOldGen       total 86016K, used 8K [0x0000000781800000, 0x0000000786c00000, 0x00000007d5d00000)
  object space 86016K, 0% used [0x0000000781800000,0x0000000781802000,0x0000000786c00000)
 PSPermGen       total 21504K, used 8792K [0x000000077c600000, 0x000000077db00000, 0x0000000781800000)
  object space 21504K, 40% used [0x000000077c600000,0x000000077ce96140,0x000000077db00000)

Card table byte_map: [0x00000000059c0000,0x0000000005de0000] byte_map_base: 0x0000000001ddd000

Polling page: 0x0000000000320000

Code Cache  [0x00000000029c0000, 0x0000000002c30000, 0x00000000059c0000)
 total_blobs=336 nmethods=71 adapters=225 free_code_cache=48509Kb largest_free_block=49647040

Compilation events (10 events):
Event: 36.798 Thread 0x000000000c405000   67   !         java.net.URL::<init> (543 bytes)
Event: 36.832 Thread 0x000000000c405000 nmethod 67 0x0000000002a62fd0 code [0x0000000002a632e0, 0x0000000002a65100]
Event: 36.853 Thread 0x000000000c406800   68             java.nio.Buffer::remaining (10 bytes)
Event: 36.854 Thread 0x000000000c406800 nmethod 68 0x0000000002a5bf10 code [0x0000000002a5c040, 0x0000000002a5c098]
Event: 36.882 Thread 0x000000000c405000   69             java.lang.String::endsWith (17 bytes)
Event: 36.883 Thread 0x000000000c405000 nmethod 69 0x0000000002a5d310 code [0x0000000002a5d460, 0x0000000002a5d6d8]
Event: 36.919 Thread 0x000000000c406800   70             java.lang.Float::isNaN (12 bytes)
Event: 36.919 Thread 0x000000000c406800 nmethod 70 0x0000000002a5bad0 code [0x0000000002a5bc00, 0x0000000002a5bc58]
Event: 36.921 Thread 0x000000000c405000   71             java.util.AbstractMap::<init> (15 bytes)
Event: 36.922 Thread 0x000000000c405000 nmethod 71 0x0000000002a5d110 code [0x0000000002a5d240, 0x0000000002a5d2b8]

GC Heap History (2 events):
Event: 36.754 GC heap before
{Heap before GC invocations=1 (full 0):
 PSYoungGen      total 38400K, used 33280K [0x00000007d5d00000, 0x00000007d8780000, 0x0000000800000000)
  eden space 33280K, 100% used [0x00000007d5d00000,0x00000007d7d80000,0x00000007d7d80000)
  from space 5120K, 0% used [0x00000007d8280000,0x00000007d8280000,0x00000007d8780000)
  to   space 5120K, 0% used [0x00000007d7d80000,0x00000007d7d80000,0x00000007d8280000)
 ParOldGen       total 86016K, used 0K [0x0000000781800000, 0x0000000786c00000, 0x00000007d5d00000)
  object space 86016K, 0% used [0x0000000781800000,0x0000000781800000,0x0000000786c00000)
 PSPermGen       total 21504K, used 7990K [0x000000077c600000, 0x000000077db00000, 0x0000000781800000)
  object space 21504K, 37% used [0x000000077c600000,0x000000077cdcd908,0x000000077db00000)
Event: 36.758 GC heap after
Heap after GC invocations=1 (full 0):
 PSYoungGen      total 38400K, used 4523K [0x00000007d5d00000, 0x00000007d8780000, 0x0000000800000000)
  eden space 33280K, 0% used [0x00000007d5d00000,0x00000007d5d00000,0x00000007d7d80000)
  from space 5120K, 88% used [0x00000007d7d80000,0x00000007d81eadd0,0x00000007d8280000)
  to   space 5120K, 0% used [0x00000007d8280000,0x00000007d8280000,0x00000007d8780000)
 ParOldGen       total 86016K, used 8K [0x0000000781800000, 0x0000000786c00000, 0x00000007d5d00000)
  object space 86016K, 0% used [0x0000000781800000,0x0000000781802000,0x0000000786c00000)
 PSPermGen       total 21504K, used 7990K [0x000000077c600000, 0x000000077db00000, 0x0000000781800000)
  object space 21504K, 37% used [0x000000077c600000,0x000000077cdcd908,0x000000077db00000)
}

Deoptimization events (1 events):
Event: 0.146 Thread 0x000000000246b000 Uncommon trap: reason=unreached action=reinterpret pc=0x0000000002a23894 method=java.io.BufferedReader.readLine(Z)Ljava/lang/String; @ 192

Internal exceptions (10 events):
Event: 36.921 Thread 0x000000000246b000 Threw 0x00000007d62199a8 at C:\re\jdk7u45\229\hotspot\src\share\vm\prims\jvm.cpp:1244
Event: 36.923 Thread 0x000000000246b000 Threw 0x00000007d6225a98 at C:\re\jdk7u45\229\hotspot\src\share\vm\prims\jvm.cpp:1244
Event: 36.925 Thread 0x000000000246b000 Threw 0x00000007d6242fb8 at C:\re\jdk7u45\229\hotspot\src\share\vm\prims\jvm.cpp:1244
Event: 36.926 Thread 0x000000000246b000 Threw 0x00000007d6253d30 at C:\re\jdk7u45\229\hotspot\src\share\vm\prims\jvm.cpp:1244
Event: 36.928 Thread 0x000000000246b000 Threw 0x00000007d625ebd0 at C:\re\jdk7u45\229\hotspot\src\share\vm\prims\jvm.cpp:1244
Event: 36.930 Thread 0x000000000246b000 Threw 0x00000007d6270e40 at C:\re\jdk7u45\229\hotspot\src\share\vm\prims\jvm.cpp:1244
Event: 36.932 Thread 0x000000000246b000 Threw 0x00000007d6283018 at C:\re\jdk7u45\229\hotspot\src\share\vm\prims\jvm.cpp:1244
Event: 36.933 Thread 0x000000000246b000 Threw 0x00000007d6294960 at C:\re\jdk7u45\229\hotspot\src\share\vm\prims\jvm.cpp:1244
Event: 36.935 Thread 0x000000000246b000 Threw 0x00000007d62a85c0 at C:\re\jdk7u45\229\hotspot\src\share\vm\prims\jvm.cpp:1244
Event: 36.937 Thread 0x000000000246b000 Threw 0x00000007d62bd1d8 at C:\re\jdk7u45\229\hotspot\src\share\vm\prims\jvm.cpp:1244

Events (10 events):
Event: 64.061 Executing VM operation: GetOrSetLocal
Event: 64.061 Executing VM operation: GetOrSetLocal done
Event: 64.062 Executing VM operation: GetOrSetLocal
Event: 64.062 Executing VM operation: GetOrSetLocal done
Event: 64.064 Executing VM operation: GetOrSetLocal
Event: 64.064 Executing VM operation: GetOrSetLocal done
Event: 64.064 Executing VM operation: GetOrSetLocal
Event: 64.064 Executing VM operation: GetOrSetLocal done
Event: 90.941 Executing VM operation: RedefineClasses
Event: 90.942 Executing VM operation: RedefineClasses done


Dynamic libraries:
0x000000013f440000 - 0x000000013f473000 	D:\soft\eclipse\binary\com.sun.java.jdk7.win32.x86_64_1.7.0.u45\bin\javaw.exe
0x00000000774b0000 - 0x000000007765a000 	C:\Windows\SYSTEM32\ntdll.dll
0x0000000077290000 - 0x00000000773af000 	C:\Windows\system32\kernel32.dll
0x000007fefd0d0000 - 0x000007fefd13a000 	C:\Windows\system32\KERNELBASE.dll
0x000007feff5f0000 - 0x000007feff6cb000 	C:\Windows\system32\ADVAPI32.dll
0x000007fefd460000 - 0x000007fefd4ff000 	C:\Windows\system32\msvcrt.dll
0x000007fefe380000 - 0x000007fefe39f000 	C:\Windows\SYSTEM32\sechost.dll
0x000007fefe250000 - 0x000007fefe37d000 	C:\Windows\system32\RPCRT4.dll
0x00000000773b0000 - 0x00000000774aa000 	C:\Windows\system32\USER32.dll
0x000007fefd8f0000 - 0x000007fefd957000 	C:\Windows\system32\GDI32.dll
0x000007fefdac0000 - 0x000007fefdace000 	C:\Windows\system32\LPK.dll
0x000007fefe180000 - 0x000007fefe24a000 	C:\Windows\system32\USP10.dll
0x000007fefb720000 - 0x000007fefb914000 	C:\Windows\WinSxS\amd64_microsoft.windows.common-controls_6595b64144ccf1df_6.0.7601.18837_none_fa3b1e3d17594757\COMCTL32.dll
0x000007fefd960000 - 0x000007fefd9d1000 	C:\Windows\system32\SHLWAPI.dll
0x000007fefd430000 - 0x000007fefd45e000 	C:\Windows\system32\IMM32.DLL
0x000007fefe3a0000 - 0x000007fefe4a9000 	C:\Windows\system32\MSCTF.dll
0x000007fefce40000 - 0x000007fefceb4000 	C:\Program Files\BLDBaseService\BLDBaseService64.dll
0x000007fefe4c0000 - 0x000007feff24a000 	C:\Windows\system32\SHELL32.dll
0x000007feff3e0000 - 0x000007feff5e3000 	C:\Windows\system32\ole32.dll
0x000007fefd9e0000 - 0x000007fefdaba000 	C:\Windows\system32\OLEAUT32.dll
0x000007feff770000 - 0x000007feff7bd000 	C:\Windows\system32\WS2_32.dll
0x000007fefe4b0000 - 0x000007fefe4b8000 	C:\Windows\system32\NSI.dll
0x000007fefdb30000 - 0x000007fefde02000 	C:\Windows\system32\WININET.dll
0x000007fefd190000 - 0x000007fefd194000 	C:\Windows\system32\api-ms-win-downlevel-user32-l1-1-0.dll
0x000007fefd280000 - 0x000007fefd284000 	C:\Windows\system32\api-ms-win-downlevel-shlwapi-l1-1-0.dll
0x000007fefd400000 - 0x000007fefd404000 	C:\Windows\system32\api-ms-win-downlevel-version-l1-1-0.dll
0x000007fefcd90000 - 0x000007fefcd9c000 	C:\Windows\system32\version.DLL
0x000007fefd210000 - 0x000007fefd213000 	C:\Windows\system32\api-ms-win-downlevel-normaliz-l1-1-0.dll
0x0000000077670000 - 0x0000000077673000 	C:\Windows\system32\normaliz.DLL
0x000007fefde10000 - 0x000007fefe0da000 	C:\Windows\system32\iertutil.dll
0x000007fefd220000 - 0x000007fefd225000 	C:\Windows\system32\api-ms-win-downlevel-advapi32-l1-1-0.dll
0x000007fefd170000 - 0x000007fefd18e000 	C:\Windows\system32\USERENV.dll
0x000007fefcfc0000 - 0x000007fefcfcf000 	C:\Windows\system32\profapi.dll
0x000007fefcd60000 - 0x000007fefcd87000 	C:\Windows\system32\IPHLPAPI.DLL
0x000007fefcd50000 - 0x000007fefcd5b000 	C:\Windows\system32\WINNSI.DLL
0x000007fefd6e0000 - 0x000007fefd864000 	C:\Windows\system32\urlmon.dll
0x000007fefd230000 - 0x000007fefd234000 	C:\Windows\system32\api-ms-win-downlevel-ole32-l1-1-0.dll
0x000007fefcd30000 - 0x000007fefcd46000 	C:\Windows\system32\NETAPI32.dll
0x000007fefcd20000 - 0x000007fefcd2c000 	C:\Windows\system32\netutils.dll
0x000007fefccf0000 - 0x000007fefcd13000 	C:\Windows\system32\srvcli.dll
0x000007fefccd0000 - 0x000007fefcce5000 	C:\Windows\system32\wkscli.dll
0x000007fefcad0000 - 0x000007fefcc1a000 	C:\Program Files (x86)\HomeSafe\homesafe64.dll
0x00000000503c0000 - 0x0000000050492000 	D:\soft\eclipse\binary\com.sun.java.jdk7.win32.x86_64_1.7.0.u45\jre\bin\msvcr100.dll
0x000000006eb30000 - 0x000000006f2f9000 	D:\soft\eclipse\binary\com.sun.java.jdk7.win32.x86_64_1.7.0.u45\jre\bin\server\jvm.dll
0x000007fefb4d0000 - 0x000007fefb4d9000 	C:\Windows\system32\WSOCK32.dll
0x000007fefd1a0000 - 0x000007fefd1db000 	C:\Windows\system32\WINMM.dll
0x0000000077680000 - 0x0000000077687000 	C:\Windows\system32\PSAPI.DLL
0x0000000050b70000 - 0x0000000050b7f000 	D:\soft\eclipse\binary\com.sun.java.jdk7.win32.x86_64_1.7.0.u45\jre\bin\verify.dll
0x0000000050390000 - 0x00000000503b8000 	D:\soft\eclipse\binary\com.sun.java.jdk7.win32.x86_64_1.7.0.u45\jre\bin\java.dll
0x0000000057380000 - 0x00000000573b5000 	D:\soft\eclipse\binary\com.sun.java.jdk7.win32.x86_64_1.7.0.u45\jre\bin\jdwp.dll
0x000000005a490000 - 0x000000005a498000 	D:\soft\eclipse\binary\com.sun.java.jdk7.win32.x86_64_1.7.0.u45\jre\bin\npt.dll
0x0000000050310000 - 0x0000000050325000 	D:\soft\eclipse\binary\com.sun.java.jdk7.win32.x86_64_1.7.0.u45\jre\bin\zip.dll
0x000000005dd40000 - 0x000000005dd49000 	D:\soft\eclipse\binary\com.sun.java.jdk7.win32.x86_64_1.7.0.u45\jre\bin\dt_socket.dll
0x000007fefa940000 - 0x000007fefa955000 	C:\Windows\system32\NLAapi.dll
0x000007fef87e0000 - 0x000007fef87f5000 	C:\Windows\system32\napinsp.dll
0x000007fef87c0000 - 0x000007fef87d9000 	C:\Windows\system32\pnrpnsp.dll
0x000007fefc440000 - 0x000007fefc495000 	C:\Windows\System32\mswsock.dll
0x000007fefc2d0000 - 0x000007fefc32b000 	C:\Windows\system32\DNSAPI.dll
0x000007fef87b0000 - 0x000007fef87bb000 	C:\Windows\System32\winrnr.dll
0x000007fef9d40000 - 0x000007fef9d93000 	C:\Windows\System32\fwpuclnt.dll
0x000007fefbeb0000 - 0x000007fefbeb8000 	C:\Windows\system32\rasadhlp.dll
0x000007fefbec0000 - 0x000007fefbec7000 	C:\Windows\System32\wshtcpip.dll
0x00000000502f0000 - 0x0000000050309000 	D:\soft\eclipse\binary\com.sun.java.jdk7.win32.x86_64_1.7.0.u45\jre\bin\net.dll
0x000007fefc610000 - 0x000007fefc617000 	C:\Windows\System32\wship6.dll
0x00000000502d0000 - 0x00000000502e1000 	D:\soft\eclipse\binary\com.sun.java.jdk7.win32.x86_64_1.7.0.u45\jre\bin\nio.dll
0x000007fefa790000 - 0x000007fefa8b5000 	C:\Windows\system32\dbghelp.dll

VM Arguments:
jvm_args: -agentlib:jdwp=transport=dt_socket,suspend=y,address=localhost:55317 -Dfile.encoding=UTF-8 
java_command: org.eclipse.jdt.internal.junit.runner.RemoteTestRunner -version 3 -port 55316 -testLoaderClass org.eclipse.jdt.internal.junit4.runner.JUnit4TestLoader -loaderpluginname org.eclipse.jdt.junit4.runtime -classNames com.test.dao.BaseDaoTest
Launcher Type: SUN_STANDARD

Environment Variables:
JAVA_HOME=C:\Program Files\Java\jdk1.7.0_13
PATH=D:\soft\eclipse\binary\com.sun.java.jdk7.win32.x86_64_1.7.0.u45\jre\bin;C:\Program Files (x86)\360\360Desktop;C:\Windows\system32;C:\Windows;C:\Windows\System32\Wbem;C:\Windows\System32\WindowsPowerShell\v1.0\;C:\Program Files\Java\jdk1.7.0_13\bin;C:\Program Files\Java\jdk1.7.0_13\jre\bin;D:\soft\apache-maven-3.3.9\bin;D:\soft\SVN\bin;C:\Program Files\MySQL\MySQL Utilities 1.6\;D:\Program Files\Git\cmd
USERNAME=Administrator
OS=Windows_NT
PROCESSOR_IDENTIFIER=Intel64 Family 6 Model 94 Stepping 3, GenuineIntel



---------------  S Y S T E M  ---------------

OS: Windows 7 , 64 bit Build 7601 Service Pack 1

CPU:total 8 (4 cores per cpu, 2 threads per core) family 6 model 94 stepping 3, cmov, cx8, fxsr, mmx, sse, sse2, sse3, ssse3, sse4.1, sse4.2, popcnt, avx, avx2, aes, erms, ht, tsc, tscinvbit

Memory: 4k page, physical 8282384k(2636088k free), swap 16562908k(9803236k free)

vm_info: Java HotSpot(TM) 64-Bit Server VM (24.45-b08) for windows-amd64 JRE (1.7.0_45-b18), built on Oct  8 2013 05:47:22 by "java_re" with unknown MS VC++:1600

time: Mon Feb 06 10:49:07 2017
elapsed time: 90 seconds

>>>>>>> 13e933be52e5968370d07c39840eeb83a1dabd09
